<?xml version="1.0" encoding="UTF-8"?>
<testng-results ignored="0" total="1" passed="1" failed="0" skipped="0">
  <reporter-output>
  </reporter-output>
  <suite started-at="2023-05-24T20:19:09 EEST" name="Default suite" finished-at="2023-05-24T20:20:06 EEST" duration-ms="56949">
    <groups>
    </groups>
    <test started-at="2023-05-24T20:19:09 EEST" name="Default test" finished-at="2023-05-24T20:20:06 EEST" duration-ms="56949">
      <class name="TestCase3">
        <test-method is-config="true" signature="beforeTest()[pri:0, instance:TestCase3@18388a3c]" started-at="2023-05-24T20:19:09 EEST" name="beforeTest" finished-at="2023-05-24T20:19:26 EEST" duration-ms="17107" status="PASS">
          <reporter-output>
          </reporter-output>
        </test-method> <!-- beforeTest -->
        <test-method signature="selectCountriesRandomly()[pri:0, instance:TestCase3@18388a3c]" started-at="2023-05-24T20:19:26 EEST" name="selectCountriesRandomly" finished-at="2023-05-24T20:20:06 EEST" duration-ms="39818" status="PASS">
          <reporter-output>
          </reporter-output>
        </test-method> <!-- selectCountriesRandomly -->
        <test-method is-config="true" signature="afterTest()[pri:0, instance:TestCase3@18388a3c]" started-at="2023-05-24T20:20:06 EEST" name="afterTest" finished-at="2023-05-24T20:20:06 EEST" duration-ms="1" status="PASS">
          <reporter-output>
          </reporter-output>
        </test-method> <!-- afterTest -->
      </class> <!-- TestCase3 -->
    </test> <!-- Default test -->
  </suite> <!-- Default suite -->
</testng-results>
